<?xml version="1.0" encoding="UTF-8"?>
<coverage generated="1702999675993" clover="3.2.0">
  <project timestamp="1702999675993" name="All files">
    <metrics statements="2" coveredstatements="2" conditionals="0" coveredconditionals="0" methods="1" coveredmethods="1" elements="3" coveredelements="3" complexity="0" loc="2" ncloc="2" packages="1" files="1" classes="1"/>
    <file name="Sum.js" path="/Users/kevinfichou/Documents/03.CESI/02.MAALSI/03.Architecture logiciel/architoc/Architetoc/source/Sum.js">
      <metrics statements="2" coveredstatements="2" conditionals="0" coveredconditionals="0" methods="1" coveredmethods="1"/>
      <line num="2" count="1" type="stmt"/>
      <line num="5" count="1" type="stmt"/>
    </file>
  </project>
</coverage>
