{"/Users/kevinfichou/Documents/03.CESI/02.MAALSI/03.Architecture logiciel/architoc/Architetoc/source/Sum.js": {"path":"/Users/kevinfichou/Documents/03.CESI/02.MAALSI/03.Architecture logiciel/architoc/Architetoc/source/Sum.js","statementMap":{"0":{"start":{"line":2,"column":4},"end":{"line":2,"column":41}},"1":{"start":{"line":5,"column":0},"end":{"line":5,"column":23}}},"fnMap":{"0":{"name":"SumOf","decl":{"start":{"line":1,"column":9},"end":{"line":1,"column":14}},"loc":{"start":{"line":1,"column":21},"end":{"line":3,"column":1}},"line":1}},"branchMap":{},"s":{"0":2,"1":1},"f":{"0":2},"b":{},"_coverageSchema":"1a1c01bbd47fc00a2c39e90264f33305004495a9","hash":"bf3b925e15e929dcc6731e99388c8aaea04944a6"}
}
