{"/Users/kevinfichou/Documents/03.CESI/02.MAALSI/03.Architecture logiciel/architoc/Architetoc/source/Sum.js": {"path":"/Users/kevinfichou/Documents/03.CESI/02.MAALSI/03.Architecture logiciel/architoc/Architetoc/source/Sum.js","statementMap":{"0":{"start":{"line":2,"column":4},"end":{"line":2,"column":17}},"1":{"start":{"line":5,"column":0},"end":{"line":5,"column":23}}},"fnMap":{"0":{"name":"SumOf","decl":{"start":{"line":1,"column":9},"end":{"line":1,"column":14}},"loc":{"start":{"line":1,"column":21},"end":{"line":3,"column":1}},"line":1}},"branchMap":{},"s":{"0":1,"1":1},"f":{"0":1},"b":{},"_coverageSchema":"1a1c01bbd47fc00a2c39e90264f33305004495a9","hash":"c123964edf4123f80d056839934410d9213e70ce"}
}
